<?xml version="1.0" encoding="UTF-8"?>
<!-- Generated by org.testng.reporters.JUnitXMLReporter -->
<testsuite ignored="0" hostname="milind-Latitude-3420" failures="0" tests="3" name="Test" time="35.138" errors="0" timestamp="2023-11-17T12:36:44 IST">
  <testcase classname="com.sos.testCases.TestClass" name="@BeforeMethod beforeMethod" time="0.495">
    <failure type="java.lang.NullPointerException" message="null value in entry: url=null">
      <![CDATA[java.lang.NullPointerException: null value in entry: url=null
at com.google.common.collect.CollectPreconditions.checkEntryNotNull(CollectPreconditions.java:33)
at com.google.common.collect.SingletonImmutableBiMap.<init>(SingletonImmutableBiMap.java:43)
at com.google.common.collect.ImmutableBiMap.of(ImmutableBiMap.java:83)
at com.google.common.collect.ImmutableMap.of(ImmutableMap.java:130)
at org.openqa.selenium.remote.DriverCommand.GET(DriverCommand.java:191)
at org.openqa.selenium.remote.RemoteWebDriver.get(RemoteWebDriver.java:304)
at com.sos.testCases.TestClass.getWebDriver(TestClass.java:34)
at com.sos.testCases.TestClass.beforeMethod(TestClass.java:23)
at java.base/java.util.ArrayList.forEach(ArrayList.java:1541)
... Removed 31 stack frames]]>
    </failure>
  </testcase> <!-- @BeforeMethod beforeMethod -->
  <testcase classname="io.cucumber.testng.AbstractTestNGCucumberTests" name="runScenario" time="18.724"/>
  <testcase classname="io.cucumber.testng.AbstractTestNGCucumberTests" name="runScenario" time="15.099"/>
  <testcase classname="com.sos.testCases.TestClass" name="m1" time="0.0">
    <skipped/>
  </testcase> <!-- m1 -->
</testsuite> <!-- Test -->
