<?xml version="1.0" encoding="UTF-8"?>
<!-- Generated by org.testng.reporters.JUnitXMLReporter -->
<testsuite ignored="0" hostname="milind-Latitude-3420" failures="1" tests="1" name="Test" time="40.661" errors="0" timestamp="2023-12-08T08:14:26 IST">
  <testcase classname="io.cucumber.testng.AbstractTestNGCucumberTests" name="runScenario" time="39.531">
    <failure type="java.lang.AssertionError" message="Failed to click on element [By.xpath: //span[text()=&amp;apos;Painting &amp;amp; Cleaning&amp;apos;]]">
      <![CDATA[java.lang.AssertionError: Failed to click on element [By.xpath: //span[text()='Painting & Cleaning']]
at com.sos.CommonFactory.CommonSelenium.click(CommonSelenium.java:189)
at com.sos.Pages.WebPages.RentalServiceWebPage.selectHSServiceType(RentalServiceWebPage.java:925)
at com.sos.stepDefinitions.TenantVerifications.the_user_lands_on_the_legal_services_page_and_selects_tenant_verification(TenantVerifications.java:31)
at ✽.the user lands on the Legal Services Page and selects Tenant Verification(file:///home/milind/Desktop/WebTestFolder/ProjectFirst/SoftSolutions/src/test/resources/HSFeatures/TenatVerifications.feature:9)
... Removed 1 stack frames]]>
    </failure>
  </testcase> <!-- runScenario -->
</testsuite> <!-- Test -->
