<?xml version="1.0" encoding="UTF-8"?>
<testng-results ignored="0" total="4" passed="0" failed="4" skipped="0">
  <reporter-output>
  </reporter-output>
  <suite started-at="2023-12-09T00:32:49 IST" name="Default suite" finished-at="2023-12-09T00:33:23 IST" duration-ms="34289">
    <groups>
      <group name="cucumber">
        <method signature="AbstractTestNGCucumberTests.runScenario(io.cucumber.testng.PickleWrapper,io.cucumber.testng.FeatureWrapper)[pri:0, instance:com.sos.testRunner.TestNG_TestRunner@d554c5f]" name="runScenario" class="io.cucumber.testng.AbstractTestNGCucumberTests"/>
      </group> <!-- cucumber -->
    </groups>
    <test started-at="2023-12-09T00:32:49 IST" name="Default test" finished-at="2023-12-09T00:33:23 IST" duration-ms="34289">
      <class name="com.sos.testRunner.TestNG_TestRunner">
        <test-method is-config="true" signature="setUpClass(org.testng.ITestContext)[pri:0, instance:com.sos.testRunner.TestNG_TestRunner@d554c5f]" started-at="2023-12-09T00:32:49 IST" name="setUpClass" finished-at="2023-12-09T00:32:50 IST" duration-ms="698" status="PASS">
          <params>
            <param index="0">
              <value>
                <![CDATA[org.testng.TestRunner@28cb3a25]]>
              </value>
            </param>
          </params>
          <reporter-output>
          </reporter-output>
        </test-method> <!-- setUpClass -->
        <test-method signature="runScenario(io.cucumber.testng.PickleWrapper,io.cucumber.testng.FeatureWrapper)[pri:0, instance:com.sos.testRunner.TestNG_TestRunner@d554c5f]" started-at="2023-12-09T00:32:50 IST" name="runScenario" description="Runs Cucumber Scenarios" data-provider="scenarios" finished-at="2023-12-09T00:33:14 IST" duration-ms="24079" status="FAIL">
          <params>
            <param index="0">
              <value>
                <![CDATA["Standard Verification Package Functionality"]]>
              </value>
            </param>
            <param index="1">
              <value>
                <![CDATA["Verify the Tenant Verification Flow"]]>
              </value>
            </param>
          </params>
          <exception class="java.lang.AssertionError">
            <message>
              <![CDATA[Failed to click on element [By.xpath: //div[contains(@class,'nav-item-content') and text()='Log in']]]]>
            </message>
            <full-stacktrace>
              <![CDATA[java.lang.AssertionError: Failed to click on element [By.xpath: //div[contains(@class,'nav-item-content') and text()='Log in']]
at org.testng.Assert.fail(Assert.java:111)
at com.sos.CommonFactory.CommonSelenium.click(CommonSelenium.java:218)
at com.sos.Pages.WebPages.RentalServiceWebPage.loginSignUpMethod(RentalServiceWebPage.java:255)
at com.sos.stepDefinitions.TenantVerifications.the_user_logs_in_with_valid_login_credentials(TenantVerifications.java:26)
at ✽.the user logs in with valid login credentials(file:///home/milind/Desktop/WebTestFolder/ProjectFirst/SoftSolutions/src/test/resources/HSFeatures/TenatVerifications.feature:5)
]]>
            </full-stacktrace>
          </exception> <!-- java.lang.AssertionError -->
          <reporter-output>
          </reporter-output>
        </test-method> <!-- runScenario -->
        <test-method signature="runScenario(io.cucumber.testng.PickleWrapper,io.cucumber.testng.FeatureWrapper)[pri:0, instance:com.sos.testRunner.TestNG_TestRunner@d554c5f]" started-at="2023-12-09T00:32:50 IST" name="runScenario" description="Runs Cucumber Scenarios" data-provider="scenarios" finished-at="2023-12-09T00:33:14 IST" duration-ms="24085" status="FAIL">
          <params>
            <param index="0">
              <value>
                <![CDATA["Comprehensive Verification Package Functionality"]]>
              </value>
            </param>
            <param index="1">
              <value>
                <![CDATA["Verify the Tenant Verification Flow"]]>
              </value>
            </param>
          </params>
          <exception class="java.lang.AssertionError">
            <message>
              <![CDATA[Failed to click on element [By.xpath: //div[contains(@class,'nav-item-content') and text()='Log in']]]]>
            </message>
            <full-stacktrace>
              <![CDATA[java.lang.AssertionError: Failed to click on element [By.xpath: //div[contains(@class,'nav-item-content') and text()='Log in']]
at org.testng.Assert.fail(Assert.java:111)
at com.sos.CommonFactory.CommonSelenium.click(CommonSelenium.java:218)
at com.sos.Pages.WebPages.RentalServiceWebPage.loginSignUpMethod(RentalServiceWebPage.java:255)
at com.sos.stepDefinitions.TenantVerifications.the_user_logs_in_with_valid_login_credentials(TenantVerifications.java:26)
at ✽.the user logs in with valid login credentials(file:///home/milind/Desktop/WebTestFolder/ProjectFirst/SoftSolutions/src/test/resources/HSFeatures/TenatVerifications.feature:5)
]]>
            </full-stacktrace>
          </exception> <!-- java.lang.AssertionError -->
          <reporter-output>
          </reporter-output>
        </test-method> <!-- runScenario -->
        <test-method signature="runScenario(io.cucumber.testng.PickleWrapper,io.cucumber.testng.FeatureWrapper)[pri:0, instance:com.sos.testRunner.TestNG_TestRunner@d554c5f]" started-at="2023-12-09T00:32:50 IST" name="runScenario" description="Runs Cucumber Scenarios" data-provider="scenarios" finished-at="2023-12-09T00:33:23 IST" duration-ms="33324" status="FAIL">
          <params>
            <param index="0">
              <value>
                <![CDATA["Basic Verification Package Functionality"]]>
              </value>
            </param>
            <param index="1">
              <value>
                <![CDATA["Verify the Tenant Verification Flow"]]>
              </value>
            </param>
          </params>
          <exception class="java.lang.AssertionError">
            <message>
              <![CDATA[Failed to click on element [By.xpath: //div[contains(@class,'nav-item-content') and text()='Log in']]]]>
            </message>
            <full-stacktrace>
              <![CDATA[java.lang.AssertionError: Failed to click on element [By.xpath: //div[contains(@class,'nav-item-content') and text()='Log in']]
at org.testng.Assert.fail(Assert.java:111)
at com.sos.CommonFactory.CommonSelenium.click(CommonSelenium.java:218)
at com.sos.Pages.WebPages.RentalServiceWebPage.loginSignUpMethod(RentalServiceWebPage.java:255)
at com.sos.stepDefinitions.TenantVerifications.the_user_logs_in_with_valid_login_credentials(TenantVerifications.java:26)
at ✽.the user logs in with valid login credentials(file:///home/milind/Desktop/WebTestFolder/ProjectFirst/SoftSolutions/src/test/resources/HSFeatures/TenatVerifications.feature:5)
]]>
            </full-stacktrace>
          </exception> <!-- java.lang.AssertionError -->
          <reporter-output>
          </reporter-output>
        </test-method> <!-- runScenario -->
        <test-method signature="runScenario(io.cucumber.testng.PickleWrapper,io.cucumber.testng.FeatureWrapper)[pri:0, instance:com.sos.testRunner.TestNG_TestRunner@d554c5f]" started-at="2023-12-09T00:32:50 IST" name="runScenario" description="Runs Cucumber Scenarios" data-provider="scenarios" finished-at="2023-12-09T00:33:14 IST" duration-ms="24111" status="FAIL">
          <params>
            <param index="0">
              <value>
                <![CDATA["Instant Verification Package Functionality"]]>
              </value>
            </param>
            <param index="1">
              <value>
                <![CDATA["Verify the Tenant Verification Flow"]]>
              </value>
            </param>
          </params>
          <exception class="java.lang.AssertionError">
            <message>
              <![CDATA[Failed to click on element [By.xpath: //div[contains(@class,'nav-item-content') and text()='Log in']]]]>
            </message>
            <full-stacktrace>
              <![CDATA[java.lang.AssertionError: Failed to click on element [By.xpath: //div[contains(@class,'nav-item-content') and text()='Log in']]
at org.testng.Assert.fail(Assert.java:111)
at com.sos.CommonFactory.CommonSelenium.click(CommonSelenium.java:218)
at com.sos.Pages.WebPages.RentalServiceWebPage.loginSignUpMethod(RentalServiceWebPage.java:255)
at com.sos.stepDefinitions.TenantVerifications.the_user_logs_in_with_valid_login_credentials(TenantVerifications.java:26)
at ✽.the user logs in with valid login credentials(file:///home/milind/Desktop/WebTestFolder/ProjectFirst/SoftSolutions/src/test/resources/HSFeatures/TenatVerifications.feature:5)
]]>
            </full-stacktrace>
          </exception> <!-- java.lang.AssertionError -->
          <reporter-output>
          </reporter-output>
        </test-method> <!-- runScenario -->
        <test-method is-config="true" signature="tearDownClass()[pri:0, instance:com.sos.testRunner.TestNG_TestRunner@d554c5f]" started-at="2023-12-09T00:33:23 IST" name="tearDownClass" finished-at="2023-12-09T00:33:23 IST" duration-ms="223" status="PASS">
          <reporter-output>
          </reporter-output>
        </test-method> <!-- tearDownClass -->
      </class> <!-- com.sos.testRunner.TestNG_TestRunner -->
    </test> <!-- Default test -->
  </suite> <!-- Default suite -->
</testng-results>
