<?xml version="1.0" encoding="UTF-8"?>
<testng-results ignored="0" total="1" passed="1" failed="0" skipped="0">
  <reporter-output>
  </reporter-output>
  <suite started-at="2023-12-07T21:06:50 IST" name="Default suite" finished-at="2023-12-07T21:08:22 IST" duration-ms="91562">
    <groups>
      <group name="cucumber">
        <method signature="AbstractTestNGCucumberTests.runScenario(io.cucumber.testng.PickleWrapper,io.cucumber.testng.FeatureWrapper)[pri:0, instance:com.sos.testRunner.TestNG_TestRunner@4dc27487]" name="runScenario" class="io.cucumber.testng.AbstractTestNGCucumberTests"/>
      </group> <!-- cucumber -->
    </groups>
    <test started-at="2023-12-07T21:06:50 IST" name="Default test" finished-at="2023-12-07T21:08:22 IST" duration-ms="91562">
      <class name="com.sos.testRunner.TestNG_TestRunner">
        <test-method is-config="true" signature="setUpClass(org.testng.ITestContext)[pri:0, instance:com.sos.testRunner.TestNG_TestRunner@4dc27487]" started-at="2023-12-07T21:06:50 IST" name="setUpClass" finished-at="2023-12-07T21:06:51 IST" duration-ms="674" status="PASS">
          <params>
            <param index="0">
              <value>
                <![CDATA[org.testng.TestRunner@255d4d7]]>
              </value>
            </param>
          </params>
          <reporter-output>
          </reporter-output>
        </test-method> <!-- setUpClass -->
        <test-method signature="runScenario(io.cucumber.testng.PickleWrapper,io.cucumber.testng.FeatureWrapper)[pri:0, instance:com.sos.testRunner.TestNG_TestRunner@4dc27487]" started-at="2023-12-07T21:06:51 IST" name="runScenario" description="Runs Cucumber Scenarios" data-provider="scenarios" finished-at="2023-12-07T21:08:22 IST" duration-ms="90652" status="PASS">
          <params>
            <param index="0">
              <value>
                <![CDATA["Instant Verification Package Functionality"]]>
              </value>
            </param>
            <param index="1">
              <value>
                <![CDATA["Verify the Tenant Verification Flow"]]>
              </value>
            </param>
          </params>
          <reporter-output>
          </reporter-output>
        </test-method> <!-- runScenario -->
        <test-method is-config="true" signature="tearDownClass()[pri:0, instance:com.sos.testRunner.TestNG_TestRunner@4dc27487]" started-at="2023-12-07T21:08:22 IST" name="tearDownClass" finished-at="2023-12-07T21:08:22 IST" duration-ms="203" status="PASS">
          <reporter-output>
          </reporter-output>
        </test-method> <!-- tearDownClass -->
      </class> <!-- com.sos.testRunner.TestNG_TestRunner -->
    </test> <!-- Default test -->
  </suite> <!-- Default suite -->
</testng-results>
