<?xml version="1.0" encoding="UTF-8"?>
<!-- Generated by org.testng.reporters.JUnitReportReporter -->
<testsuite hostname="milind-Latitude-3420" failures="1" tests="1" name="com.sos.testRunner.TestNG_TestRunner" time="94.975" errors="0" timestamp="2023-12-08T08:21:19 IST" skipped="0">
  <testcase classname="com.sos.testRunner.TestNG_TestRunner" name="runScenario" time="94.975">
    <failure message="Failed to click on element [By.xpath: //div[contains(@class,&#039;select&#039;) and text()=&#039;Select ID card&#039;]]" type="java.lang.AssertionError">
      <![CDATA[java.lang.AssertionError: Failed to click on element [By.xpath: //div[contains(@class,'select') and text()='Select ID card']]
at org.testng.Assert.fail(Assert.java:111)
at com.sos.CommonFactory.CommonSelenium.click(CommonSelenium.java:189)
at com.sos.Pages.WebPages.RentalServiceWebPage.tenantVerificationDetails(RentalServiceWebPage.java:197)
at com.sos.stepDefinitions.TenantVerifications.the_user_selects_verification_id_type_enters_id_number_name_and_dob(TenantVerifications.java:44)
at ✽.the user selects Verification ID Type "PAN Card" Enters ID Number "BREPG1234F" name "Milind" and DOB "11112000"(file:///home/milind/Desktop/WebTestFolder/ProjectFirst/SoftSolutions/src/test/resources/HSFeatures/TenatVerifications.feature:11)
]]>
    </failure>
  </testcase> <!-- runScenario -->
</testsuite> <!-- com.sos.testRunner.TestNG_TestRunner -->
