<?xml version="1.0" encoding="UTF-8"?>
<!-- Generated by org.testng.reporters.JUnitReportReporter -->
<testsuite hostname="milind-Latitude-3420" failures="1" tests="1" name="com.sos.testRunner.TestNG_TestRunner" time="13.064" errors="0" timestamp="2023-12-08T08:34:26 IST" skipped="0">
  <testcase classname="com.sos.testRunner.TestNG_TestRunner" name="runScenario" time="13.064">
    <failure message="Failed to click on element [By.xpath: //div[contains(@class,&#039;nav-item-content&#039;) and text()=&#039;Log in&#039;]]" type="java.lang.AssertionError">
      <![CDATA[java.lang.AssertionError: Failed to click on element [By.xpath: //div[contains(@class,'nav-item-content') and text()='Log in']]
at org.testng.Assert.fail(Assert.java:111)
at com.sos.CommonFactory.CommonSelenium.click(CommonSelenium.java:189)
at com.sos.Pages.WebPages.RentalServiceWebPage.loginSignUpMethod(RentalServiceWebPage.java:230)
at com.sos.stepDefinitions.TenantVerifications.the_user_logs_in_with_valid_login_credentials(TenantVerifications.java:26)
at ✽.the user logs in with valid login credentials(file:///home/milind/Desktop/WebTestFolder/ProjectFirst/SoftSolutions/src/test/resources/HSFeatures/TenatVerifications.feature:5)
]]>
    </failure>
  </testcase> <!-- runScenario -->
</testsuite> <!-- com.sos.testRunner.TestNG_TestRunner -->
